[2025-12-20T09:21:56.657Z] Payment Request Attempt {
  "tokenId": 1,
  "amount": 366,
  "paymentMode": "cash",
  "remarks": "",
  "photoUrl": "NO"
}
[2025-12-20T09:22:37.424Z] Payment Request Attempt {
  "tokenId": 2,
  "amount": 376,
  "paymentMode": "cash",
  "remarks": "",
  "photoUrl": "YES"
}
[2025-12-24T10:35:00.182Z] Payment Request Attempt {
  "tokenId": 3,
  "amount": 285,
  "paymentMode": "cash",
  "remarks": "na",
  "photoUrl": "NO"
}
[2026-01-01T06:56:07.718Z] Payment Request Attempt {
  "tokenId": 1,
  "amount": 1,
  "paymentMode": "cash",
  "remarks": "",
  "photoUrl": "NO"
}
[2026-01-01T07:05:31.859Z] Payment Request Attempt {
  "tokenId": 3,
  "amount": 275,
  "paymentMode": "cash",
  "remarks": "",
  "photoUrl": "NO"
}
[2026-01-01T07:11:16.838Z] Payment Request Attempt {
  "tokenId": 3,
  "amount": 285,
  "paymentMode": "cash",
  "remarks": "due included",
  "photoUrl": "NO"
}
[2026-01-01T15:05:54.851Z] Payment Request Attempt {
  "tokenId": 2,
  "amount": 366,
  "paymentMode": "cash",
  "remarks": "",
  "photoUrl": "NO"
}
[2026-01-05T13:38:32.613Z] Payment Request Attempt {
  "tokenId": 10,
  "amount": 100,
  "paymentMode": "cash",
  "remarks": "na",
  "photoUrl": "NO"
}
